Determining if the pthread_create exist failed with the following output:
Change Dir: /home/ruthz/pepper_ws/src/pepper_ros/gazebo_animated_box/build/CMakeFiles/CMakeTmp

Run Build Command(s):/usr/bin/make cmTC_8f7a7/fast 
/usr/bin/make -f CMakeFiles/cmTC_8f7a7.dir/build.make CMakeFiles/cmTC_8f7a7.dir/build
make[1]: Entering directory '/home/ruthz/pepper_ws/src/pepper_ros/gazebo_animated_box/build/CMakeFiles/CMakeTmp'
Building C object CMakeFiles/cmTC_8f7a7.dir/CheckSymbolExists.c.o
/usr/bin/cc    -o CMakeFiles/cmTC_8f7a7.dir/CheckSymbolExists.c.o   -c /home/ruthz/pepper_ws/src/pepper_ros/gazebo_animated_box/build/CMakeFiles/CMakeTmp/CheckSymbolExists.c
Linking C executable cmTC_8f7a7
/usr/local/bin/cmake -E cmake_link_script CMakeFiles/cmTC_8f7a7.dir/link.txt --verbose=1
/usr/bin/cc      -rdynamic CMakeFiles/cmTC_8f7a7.dir/CheckSymbolExists.c.o  -o cmTC_8f7a7 
CMakeFiles/cmTC_8f7a7.dir/CheckSymbolExists.c.o: In function `main':
CheckSymbolExists.c:(.text+0x1b): undefined reference to `pthread_create'
collect2: error: ld returned 1 exit status
CMakeFiles/cmTC_8f7a7.dir/build.make:86: recipe for target 'cmTC_8f7a7' failed
make[1]: *** [cmTC_8f7a7] Error 1
make[1]: Leaving directory '/home/ruthz/pepper_ws/src/pepper_ros/gazebo_animated_box/build/CMakeFiles/CMakeTmp'
Makefile:121: recipe for target 'cmTC_8f7a7/fast' failed
make: *** [cmTC_8f7a7/fast] Error 2

File /home/ruthz/pepper_ws/src/pepper_ros/gazebo_animated_box/build/CMakeFiles/CMakeTmp/CheckSymbolExists.c:
/* */
#include <pthread.h>

int main(int argc, char** argv)
{
  (void)argv;
#ifndef pthread_create
  return ((int*)(&pthread_create))[argc];
#else
  (void)argc;
  return 0;
#endif
}

Determining if the function pthread_create exists in the pthreads failed with the following output:
Change Dir: /home/ruthz/pepper_ws/src/pepper_ros/gazebo_animated_box/build/CMakeFiles/CMakeTmp

Run Build Command(s):/usr/bin/make cmTC_498ff/fast 
/usr/bin/make -f CMakeFiles/cmTC_498ff.dir/build.make CMakeFiles/cmTC_498ff.dir/build
make[1]: Entering directory '/home/ruthz/pepper_ws/src/pepper_ros/gazebo_animated_box/build/CMakeFiles/CMakeTmp'
Building C object CMakeFiles/cmTC_498ff.dir/CheckFunctionExists.c.o
/usr/bin/cc   -DCHECK_FUNCTION_EXISTS=pthread_create   -o CMakeFiles/cmTC_498ff.dir/CheckFunctionExists.c.o   -c /usr/local/share/cmake-3.14/Modules/CheckFunctionExists.c
Linking C executable cmTC_498ff
/usr/local/bin/cmake -E cmake_link_script CMakeFiles/cmTC_498ff.dir/link.txt --verbose=1
/usr/bin/cc  -DCHECK_FUNCTION_EXISTS=pthread_create    -rdynamic CMakeFiles/cmTC_498ff.dir/CheckFunctionExists.c.o  -o cmTC_498ff -lpthreads 
/usr/bin/ld: cannot find -lpthreads
collect2: error: ld returned 1 exit status
CMakeFiles/cmTC_498ff.dir/build.make:86: recipe for target 'cmTC_498ff' failed
make[1]: *** [cmTC_498ff] Error 1
make[1]: Leaving directory '/home/ruthz/pepper_ws/src/pepper_ros/gazebo_animated_box/build/CMakeFiles/CMakeTmp'
Makefile:121: recipe for target 'cmTC_498ff/fast' failed
make: *** [cmTC_498ff/fast] Error 2


